<?xml version="1.0" encoding="UTF-8"?>
<testsuite name="com.ouest.PoliroApplicationTests" tests="1" skipped="0" failures="0" errors="0" timestamp="2021-06-08T08:17:49" hostname="01DM09620012348.local" time="0.246">
  <properties/>
  <testcase name="contextLoads()" classname="com.ouest.PoliroApplicationTests" time="0.246"/>
  <system-out><![CDATA[16:17:43.010 [Test worker] DEBUG org.springframework.test.context.BootstrapUtils - Instantiating CacheAwareContextLoaderDelegate from class [org.springframework.test.context.cache.DefaultCacheAwareContextLoaderDelegate]
16:17:43.025 [Test worker] DEBUG org.springframework.test.context.BootstrapUtils - Instantiating BootstrapContext using constructor [public org.springframework.test.context.support.DefaultBootstrapContext(java.lang.Class,org.springframework.test.context.CacheAwareContextLoaderDelegate)]
16:17:43.059 [Test worker] DEBUG org.springframework.test.context.BootstrapUtils - Instantiating TestContextBootstrapper for test class [com.ouest.PoliroApplicationTests] from class [org.springframework.boot.test.context.SpringBootTestContextBootstrapper]
16:17:43.071 [Test worker] INFO org.springframework.boot.test.context.SpringBootTestContextBootstrapper - Neither @ContextConfiguration nor @ContextHierarchy found for test class [com.ouest.PoliroApplicationTests], using SpringBootContextLoader
16:17:43.075 [Test worker] DEBUG org.springframework.test.context.support.AbstractContextLoader - Did not detect default resource location for test class [com.ouest.PoliroApplicationTests]: class path resource [com/ouest/PoliroApplicationTests-context.xml] does not exist
16:17:43.076 [Test worker] DEBUG org.springframework.test.context.support.AbstractContextLoader - Did not detect default resource location for test class [com.ouest.PoliroApplicationTests]: class path resource [com/ouest/PoliroApplicationTestsContext.groovy] does not exist
16:17:43.076 [Test worker] INFO org.springframework.test.context.support.AbstractContextLoader - Could not detect default resource locations for test class [com.ouest.PoliroApplicationTests]: no resource found for suffixes {-context.xml, Context.groovy}.
16:17:43.077 [Test worker] INFO org.springframework.test.context.support.AnnotationConfigContextLoaderUtils - Could not detect default configuration classes for test class [com.ouest.PoliroApplicationTests]: PoliroApplicationTests does not declare any static, non-private, non-final, nested classes annotated with @Configuration.
16:17:43.115 [Test worker] DEBUG org.springframework.test.context.support.ActiveProfilesUtils - Could not find an 'annotation declaring class' for annotation type [org.springframework.test.context.ActiveProfiles] and class [com.ouest.PoliroApplicationTests]
16:17:43.185 [Test worker] DEBUG org.springframework.context.annotation.ClassPathScanningCandidateComponentProvider - Identified candidate component class: file [/Users/poisson/Desktop/poliro/build/classes/java/main/com/ouest/PoliroApplication.class]
16:17:43.186 [Test worker] INFO org.springframework.boot.test.context.SpringBootTestContextBootstrapper - Found @SpringBootConfiguration com.ouest.PoliroApplication for test class com.ouest.PoliroApplicationTests
16:17:43.286 [Test worker] DEBUG org.springframework.boot.test.context.SpringBootTestContextBootstrapper - @TestExecutionListeners is not present for class [com.ouest.PoliroApplicationTests]: using defaults.
16:17:43.287 [Test worker] INFO org.springframework.boot.test.context.SpringBootTestContextBootstrapper - Loaded default TestExecutionListener class names from location [META-INF/spring.factories]: [org.springframework.boot.test.autoconfigure.restdocs.RestDocsTestExecutionListener, org.springframework.boot.test.autoconfigure.web.client.MockRestServiceServerResetTestExecutionListener, org.springframework.boot.test.autoconfigure.web.servlet.MockMvcPrintOnlyOnFailureTestExecutionListener, org.springframework.boot.test.autoconfigure.web.servlet.WebDriverTestExecutionListener, org.springframework.boot.test.autoconfigure.webservices.client.MockWebServiceServerTestExecutionListener, org.springframework.boot.test.mock.mockito.MockitoTestExecutionListener, org.springframework.boot.test.mock.mockito.ResetMocksTestExecutionListener, org.springframework.test.context.web.ServletTestExecutionListener, org.springframework.test.context.support.DirtiesContextBeforeModesTestExecutionListener, org.springframework.test.context.event.ApplicationEventsTestExecutionListener, org.springframework.test.context.support.DependencyInjectionTestExecutionListener, org.springframework.test.context.support.DirtiesContextTestExecutionListener, org.springframework.test.context.transaction.TransactionalTestExecutionListener, org.springframework.test.context.jdbc.SqlScriptsTestExecutionListener, org.springframework.test.context.event.EventPublishingTestExecutionListener]
16:17:43.297 [Test worker] DEBUG org.springframework.boot.test.context.SpringBootTestContextBootstrapper - Skipping candidate TestExecutionListener [org.springframework.test.context.transaction.TransactionalTestExecutionListener] due to a missing dependency. Specify custom listener classes or make the default listener classes and their required dependencies available. Offending class: [org/springframework/transaction/interceptor/TransactionAttributeSource]
16:17:43.298 [Test worker] DEBUG org.springframework.boot.test.context.SpringBootTestContextBootstrapper - Skipping candidate TestExecutionListener [org.springframework.test.context.jdbc.SqlScriptsTestExecutionListener] due to a missing dependency. Specify custom listener classes or make the default listener classes and their required dependencies available. Offending class: [org/springframework/transaction/interceptor/TransactionAttribute]
16:17:43.298 [Test worker] INFO org.springframework.boot.test.context.SpringBootTestContextBootstrapper - Using TestExecutionListeners: [org.springframework.test.context.web.ServletTestExecutionListener@37304adc, org.springframework.test.context.support.DirtiesContextBeforeModesTestExecutionListener@3d182ae7, org.springframework.test.context.event.ApplicationEventsTestExecutionListener@232eb584, org.springframework.boot.test.mock.mockito.MockitoTestExecutionListener@6380a8b2, org.springframework.boot.test.autoconfigure.SpringBootDependencyInjectionTestExecutionListener@56d368b4, org.springframework.test.context.support.DirtiesContextTestExecutionListener@2a603f9b, org.springframework.test.context.event.EventPublishingTestExecutionListener@7c343dc6, org.springframework.boot.test.autoconfigure.restdocs.RestDocsTestExecutionListener@1a97cfca, org.springframework.boot.test.autoconfigure.web.client.MockRestServiceServerResetTestExecutionListener@57cc92e4, org.springframework.boot.test.autoconfigure.web.servlet.MockMvcPrintOnlyOnFailureTestExecutionListener@7cfbf361, org.springframework.boot.test.autoconfigure.web.servlet.WebDriverTestExecutionListener@21fc2b35, org.springframework.boot.test.autoconfigure.webservices.client.MockWebServiceServerTestExecutionListener@5b1495f, org.springframework.boot.test.mock.mockito.ResetMocksTestExecutionListener@3659a0bf]
16:17:43.301 [Test worker] DEBUG org.springframework.test.context.support.AbstractDirtiesContextTestExecutionListener - Before test class: context [DefaultTestContext@3457bd00 testClass = PoliroApplicationTests, testInstance = [null], testMethod = [null], testException = [null], mergedContextConfiguration = [WebMergedContextConfiguration@4c913250 testClass = PoliroApplicationTests, locations = '{}', classes = '{class com.ouest.PoliroApplication}', contextInitializerClasses = '[]', activeProfiles = '{}', propertySourceLocations = '{}', propertySourceProperties = '{org.springframework.boot.test.context.SpringBootTestContextBootstrapper=true}', contextCustomizers = set[org.springframework.boot.test.autoconfigure.actuate.metrics.MetricsExportContextCustomizerFactory$DisableMetricExportContextCustomizer@6e54a444, org.springframework.boot.test.autoconfigure.properties.PropertyMappingContextCustomizer@0, org.springframework.boot.test.autoconfigure.web.servlet.WebDriverContextCustomizerFactory$Customizer@6ba03e42, org.springframework.boot.test.context.filter.ExcludeFilterContextCustomizer@171345d2, org.springframework.boot.test.json.DuplicateJsonObjectContextCustomizerFactory$DuplicateJsonObjectContextCustomizer@256eee07, org.springframework.boot.test.mock.mockito.MockitoContextCustomizer@0, org.springframework.boot.test.web.client.TestRestTemplateContextCustomizer@52e1ea87, org.springframework.boot.test.context.SpringBootTestArgs@1, org.springframework.boot.test.context.SpringBootTestWebEnvironment@45ee3f66], resourceBasePath = 'src/main/webapp', contextLoader = 'org.springframework.boot.test.context.SpringBootContextLoader', parent = [null]], attributes = map['org.springframework.test.context.web.ServletTestExecutionListener.activateListener' -> true]], class annotated with @DirtiesContext [false] with mode [null].
16:17:43.343 [Test worker] DEBUG org.springframework.test.context.support.TestPropertySourceUtils - Adding inlined properties to environment: {spring.jmx.enabled=false, org.springframework.boot.test.context.SpringBootTestContextBootstrapper=true}

  .   ____          _            __ _ _
 /\\ / ___'_ __ _ _(_)_ __  __ _ \ \ \ \
( ( )\___ | '_ | '_| | '_ \/ _` | \ \ \ \
 \\/  ___)| |_)| | | | | || (_| |  ) ) ) )
  '  |____| .__|_| |_|_| |_\__, | / / / /
 =========|_|==============|___/=/_/_/_/
 :: Spring Boot ::                (v2.5.0)

2021-06-08 16:17:48.603  INFO 42801 --- [    Test worker] com.ouest.PoliroApplicationTests         : Starting PoliroApplicationTests using Java 11.0.11 on 01DM09620012348.local with PID 42801 (started by poisson in /Users/poisson/Desktop/poliro)
2021-06-08 16:17:48.605  INFO 42801 --- [    Test worker] com.ouest.PoliroApplicationTests         : No active profile set, falling back to default profiles: default
2021-06-08 16:17:49.767  INFO 42801 --- [    Test worker] com.ouest.PoliroApplicationTests         : Started PoliroApplicationTests in 6.417 seconds (JVM running for 7.471)
2021-06-08 16:17:49.768  INFO 42801 --- [    Test worker] o.s.b.a.ApplicationAvailabilityBean      : Application availability state LivenessState changed to CORRECT
2021-06-08 16:17:49.770  INFO 42801 --- [    Test worker] o.s.b.a.ApplicationAvailabilityBean      : Application availability state ReadinessState changed to ACCEPTING_TRAFFIC
]]></system-out>
  <system-err><![CDATA[]]></system-err>
</testsuite>
